<?xml version="1.0" encoding="UTF-8"?>
<!-- Generated by org.testng.reporters.JUnitReportReporter -->
<testsuite hostname="SKY-20180503SJW" name="com.zoey.LessionFiveTest.LessionFiveDemo" tests="1" failures="0" timestamp="3 Jun 2018 06:18:55 GMT" time="0.015" errors="0">
  <testcase name="zoeyTest" time="0.015" classname="com.zoey.LessionFiveTest.LessionFiveDemo"/>
</testsuite> <!-- com.zoey.LessionFiveTest.LessionFiveDemo -->
